<?xml version="1.0" encoding="UTF-8"?>
<coverage generated="1750153997234" clover="3.2.0">
  <project timestamp="1750153997234" name="All files">
    <metrics statements="21" coveredstatements="6" conditionals="3" coveredconditionals="0" methods="8" coveredmethods="2" elements="32" coveredelements="8" complexity="0" loc="21" ncloc="21" packages="2" files="2" classes="2"/>
    <package name="tool">
      <metrics statements="20" coveredstatements="5" conditionals="3" coveredconditionals="0" methods="8" coveredmethods="2"/>
      <file name="tool.service.ts" path="C:\Users\Ismaylla\OneDrive\Documentos\DesenvolvomentoWeb\Projetos\Sistema-de-gestao-agropecuaria\apps\backend\src\tool\tool.service.ts">
        <metrics statements="20" coveredstatements="5" conditionals="3" coveredconditionals="0" methods="8" coveredmethods="2"/>
        <line num="1" count="1" type="stmt"/>
        <line num="2" count="1" type="stmt"/>
        <line num="12" count="1" type="stmt"/>
        <line num="15" count="2" type="stmt"/>
        <line num="19" count="0" type="stmt"/>
        <line num="20" count="0" type="cond" truecount="0" falsecount="1"/>
        <line num="21" count="0" type="stmt"/>
        <line num="25" count="0" type="stmt"/>
        <line num="29" count="0" type="stmt"/>
        <line num="33" count="1" type="stmt"/>
        <line num="37" count="0" type="stmt"/>
        <line num="38" count="0" type="cond" truecount="0" falsecount="1"/>
        <line num="39" count="0" type="stmt"/>
        <line num="41" count="0" type="stmt"/>
        <line num="45" count="0" type="stmt"/>
        <line num="46" count="0" type="cond" truecount="0" falsecount="1"/>
        <line num="47" count="0" type="stmt"/>
        <line num="51" count="0" type="stmt"/>
        <line num="55" count="0" type="stmt"/>
        <line num="59" count="0" type="stmt"/>
      </file>
    </package>
    <package name="tool.repositories">
      <metrics statements="1" coveredstatements="1" conditionals="0" coveredconditionals="0" methods="0" coveredmethods="0"/>
      <file name="tool.repository.interface.ts" path="C:\Users\Ismaylla\OneDrive\Documentos\DesenvolvomentoWeb\Projetos\Sistema-de-gestao-agropecuaria\apps\backend\src\tool\repositories\tool.repository.interface.ts">
        <metrics statements="1" coveredstatements="1" conditionals="0" coveredconditionals="0" methods="0" coveredmethods="0"/>
        <line num="7" count="1" type="stmt"/>
      </file>
    </package>
  </project>
</coverage>
